{
  "RSpec": {
    "coverage": {
      "/home/ubuntu/workspace/app/models/user.rb": [
        1,
        null,
        null,
        1,
        null,
        1,
        null,
        1,
        1,
        null,
        1,
        1,
        1,
        null,
        null,
        null,
        null,
        null,
        null,
        null,
        null,
        1,
        null,
        null,
        1,
        null,
        null,
        1,
        null,
        null,
        1,
        1,
        null,
        null,
        1,
        1,
        null,
        null,
        1,
        null,
        null,
        null,
        null,
        1,
        null,
        1,
        null,
        1,
        0,
        0,
        0,
        0,
        0,
        null,
        null,
        null,
        null,
        1,
        0,
        null,
        null,
        null,
        1,
        0,
        null,
        null,
        null,
        null,
        null,
        1,
        0,
        null,
        null,
        null,
        1,
        0,
        null,
        null,
        null,
        1,
        0,
        null,
        null,
        null,
        1,
        0,
        null,
        null,
        null,
        null,
        null,
        null,
        null,
        1,
        0,
        null,
        null,
        1,
        0,
        null,
        null,
        null,
        1,
        0,
        0,
        0,
        null,
        0,
        null,
        0,
        null,
        null,
        null,
        null,
        null,
        null,
        null
      ]
    },
    "timestamp": 1429226136
  },
  "Cucumber Features": {
    "coverage": {
      "/home/ubuntu/workspace/app/models/user.rb": [
        1,
        null,
        null,
        1,
        null,
        1,
        null,
        1,
        1,
        null,
        1,
        1,
        1,
        null,
        null,
        null,
        null,
        null,
        null,
        null,
        null,
        1,
        null,
        null,
        1,
        null,
        null,
        1,
        null,
        null,
        1,
        1,
        null,
        null,
        1,
        1,
        null,
        null,
        1,
        null,
        null,
        null,
        null,
        1,
        null,
        1,
        null,
        1,
        0,
        0,
        0,
        0,
        0,
        null,
        null,
        null,
        null,
        1,
        35,
        null,
        null,
        null,
        1,
        39,
        null,
        null,
        null,
        null,
        null,
        1,
        2,
        null,
        null,
        null,
        1,
        1,
        null,
        null,
        null,
        1,
        7,
        null,
        null,
        null,
        1,
        14,
        null,
        null,
        null,
        null,
        null,
        null,
        null,
        1,
        97,
        null,
        null,
        1,
        54,
        null,
        null,
        null,
        1,
        0,
        0,
        0,
        null,
        0,
        null,
        0,
        null,
        null,
        null,
        null,
        null,
        null,
        null
      ],
      "/home/ubuntu/workspace/app/controllers/articles_controller.rb": [
        1,
        1,
        1,
        1,
        1,
        null,
        1,
        189,
        97,
        null,
        null,
        92,
        null,
        189,
        189,
        189,
        null,
        null,
        1,
        40,
        null,
        null,
        1,
        3,
        3,
        3,
        null,
        null,
        1,
        2,
        1,
        1,
        null,
        null,
        null,
        1,
        null,
        2,
        null,
        null,
        2,
        null,
        null,
        2,
        null,
        null,
        null,
        2,
        0,
        0,
        null,
        null,
        null,
        2,
        1,
        null,
        null,
        1,
        null,
        1,
        1,
        null,
        null,
        null,
        null,
        1,
        1,
        1,
        1,
        null,
        null,
        1,
        2,
        1,
        1,
        null,
        1,
        null,
        null,
        2,
        null,
        null,
        1,
        1,
        45,
        null,
        null,
        1,
        3,
        null,
        null,
        null,
        1,
        2,
        null,
        null
      ],
      "/home/ubuntu/workspace/app/controllers/application_controller.rb": [
        1,
        null,
        null,
        1,
        null,
        1,
        null,
        null,
        null,
        1,
        158,
        null,
        158,
        59,
        48,
        null,
        null,
        null,
        null
      ],
      "/home/ubuntu/workspace/app/helpers/application_helper.rb": [
        1,
        null
      ],
      "/home/ubuntu/workspace/app/helpers/articles_helper.rb": [
        1,
        null
      ],
      "/home/ubuntu/workspace/app/helpers/categories_helper.rb": [
        1,
        null
      ],
      "/home/ubuntu/workspace/app/helpers/comments_helper.rb": [
        1,
        null
      ],
      "/home/ubuntu/workspace/app/helpers/groups_helper.rb": [
        1,
        null
      ],
      "/home/ubuntu/workspace/app/helpers/likes_helper.rb": [
        1,
        null
      ],
      "/home/ubuntu/workspace/app/helpers/subscriptions_helper.rb": [
        1,
        null
      ],
      "/home/ubuntu/workspace/app/models/article.rb": [
        1,
        1,
        null,
        1,
        1,
        1,
        null,
        1,
        1,
        1,
        null,
        1,
        null,
        null,
        null,
        null,
        1,
        2,
        2,
        2,
        null,
        2,
        null,
        2,
        2,
        2,
        2,
        null,
        null
      ],
      "/home/ubuntu/workspace/app/models/category.rb": [
        1,
        null,
        1,
        null,
        null
      ],
      "/home/ubuntu/workspace/app/models/subscription.rb": [
        1,
        null,
        1,
        1,
        null,
        1,
        1,
        null,
        null
      ],
      "/home/ubuntu/workspace/app/models/like.rb": [
        1,
        null,
        1,
        1,
        null,
        null
      ],
      "/home/ubuntu/workspace/app/models/comment.rb": [
        1,
        null,
        1,
        1,
        1,
        null,
        1,
        1,
        null,
        1,
        7,
        null,
        null,
        null
      ],
      "/home/ubuntu/workspace/app/controllers/comments_controller.rb": [
        1,
        1,
        1,
        1,
        1,
        null,
        null,
        null,
        null,
        null,
        null,
        null,
        null,
        null,
        null,
        null,
        null,
        null,
        null,
        1,
        null,
        null,
        1,
        2,
        2,
        null,
        2,
        1,
        null,
        1,
        null,
        2,
        null,
        null,
        null,
        null,
        null,
        null,
        null,
        1,
        1,
        1,
        1,
        null,
        1,
        null,
        null,
        1,
        null,
        1,
        4,
        null,
        null,
        null,
        null,
        null,
        1,
        1,
        null,
        null,
        1,
        2,
        null,
        null
      ],
      "/home/ubuntu/workspace/app/controllers/groups_controller.rb": [
        1,
        1,
        null,
        1,
        null,
        1,
        0,
        0,
        null,
        0,
        null,
        0,
        null,
        null,
        1,
        0,
        0,
        null,
        0,
        null,
        null,
        1,
        1,
        1,
        null,
        null,
        0,
        0,
        0,
        null,
        0,
        null,
        null,
        1,
        null,
        1,
        null,
        null,
        1,
        14,
        14,
        14,
        14,
        14,
        14,
        null,
        null,
        null,
        1,
        6,
        null,
        null,
        1,
        4,
        4,
        null,
        null,
        1,
        null,
        null,
        1,
        4,
        4,
        4,
        4,
        4,
        null,
        null,
        1,
        0,
        0,
        null,
        null,
        1,
        0,
        0,
        null,
        null,
        1,
        1,
        7,
        null,
        null,
        1,
        4,
        null,
        null
      ],
      "/home/ubuntu/workspace/app/models/group.rb": [
        1,
        null,
        1,
        null,
        1,
        null,
        1,
        null,
        1,
        14,
        null,
        null,
        null
      ],
      "/home/ubuntu/workspace/app/models/group_invitation.rb": [
        1,
        null,
        1,
        1,
        null,
        1,
        1,
        null,
        null
      ],
      "/home/ubuntu/workspace/app/models/group_subscription.rb": [
        1,
        1,
        1,
        null,
        1,
        1,
        null,
        null
      ],
      "/home/ubuntu/workspace/app/controllers/likes_controller.rb": [
        1,
        1,
        1,
        1,
        null,
        1,
        null,
        1,
        2,
        2,
        2,
        2,
        null,
        null,
        1,
        1,
        1,
        null,
        null,
        1,
        1,
        4,
        null,
        null,
        1,
        1,
        null,
        null,
        null
      ],
      "/home/ubuntu/workspace/app/controllers/users_controller.rb": [
        1,
        null,
        1,
        null,
        1,
        4,
        0,
        0,
        null,
        4,
        null,
        null,
        null,
        null,
        1,
        null,
        7,
        null,
        null,
        null,
        1,
        1,
        null,
        1,
        1,
        null,
        null,
        null,
        1,
        1,
        null,
        1,
        1,
        null,
        null,
        1,
        1,
        9,
        null,
        null,
        null
      ],
      "/home/ubuntu/workspace/app/controllers/subscriptions_controller.rb": [
        1,
        null,
        1,
        null,
        1,
        null,
        2,
        null,
        2,
        2,
        null,
        null,
        1,
        1,
        null,
        1,
        1,
        null,
        null,
        null
      ]
    },
    "timestamp": 1429226283
  }
}
